<?xml version="1.0" encoding="UTF-8"?>
<testng-results skipped="0" failed="0" ignored="0" total="1" passed="1">
  <reporter-output>
  </reporter-output>
  <suite name="Default suite" duration-ms="17965" started-at="2020-07-24T11:13:49 IST" finished-at="2020-07-24T11:14:07 IST">
    <groups>
    </groups>
    <test name="Default test" duration-ms="17965" started-at="2020-07-24T11:13:49 IST" finished-at="2020-07-24T11:14:07 IST">
      <class name="com.my.testCases.UserRegisterationTest">
        <test-method status="PASS" signature="intialize()[pri:0, instance:com.my.testCases.UserRegisterationTest@4b1c1ea0]" name="intialize" is-config="true" duration-ms="11155" started-at="2020-07-24T11:13:49 IST" finished-at="2020-07-24T11:14:00 IST">
          <reporter-output>
          </reporter-output>
        </test-method> <!-- intialize -->
        <test-method status="PASS" signature="RegisterTest()[pri:0, instance:com.my.testCases.UserRegisterationTest@4b1c1ea0]" name="RegisterTest" duration-ms="6586" started-at="2020-07-24T11:14:00 IST" finished-at="2020-07-24T11:14:07 IST">
          <reporter-output>
          </reporter-output>
        </test-method> <!-- RegisterTest -->
        <test-method status="PASS" signature="teardown()[pri:0, instance:com.my.testCases.UserRegisterationTest@4b1c1ea0]" name="teardown" is-config="true" duration-ms="0" started-at="2020-07-24T11:14:07 IST" finished-at="2020-07-24T11:14:07 IST">
          <reporter-output>
          </reporter-output>
        </test-method> <!-- teardown -->
      </class> <!-- com.my.testCases.UserRegisterationTest -->
    </test> <!-- Default test -->
  </suite> <!-- Default suite -->
</testng-results>
